<?xml version="1.0" encoding="UTF-8" ?>
<testsuite errors="0" failures="0" hostname="TB150-15" name="calcrpn.CalcBrainTest" skipped="0" tests="13" time="0.18" timestamp="2023-02-14T23:20:18">
  <properties>
[...]
</properties>
  <testcase classname="calcrpn.CalcBrainTest" name="testAddThreeNumbers" time="0.017" />
  <testcase classname="calcrpn.CalcBrainTest" name="testSubtractThreeNumbers" time="0.001" />
  <testcase classname="calcrpn.CalcBrainTest" name="customTest" time="0.0" />
  <testcase classname="calcrpn.CalcBrainTest" name="testDigit" time="0.0" />
  <testcase classname="calcrpn.CalcBrainTest" name="testPowerOf" time="0.0" />
  <testcase classname="calcrpn.CalcBrainTest" name="testAddTwoNumbers" time="0.0" />
  <testcase classname="calcrpn.CalcBrainTest" name="testMultiplyTwoDecimals" time="0.001" />
  <testcase classname="calcrpn.CalcBrainTest" name="testClearAllPressed" time="0.0" />
  <testcase classname="calcrpn.CalcBrainTest" name="testClearEntryPressed" time="0.0" />
  <testcase classname="calcrpn.CalcBrainTest" name="testSubtractTwoNumbers" time="0.001" />
  <testcase classname="calcrpn.CalcBrainTest" name="testAddTwoDecimals" time="0.001" />
  <testcase classname="calcrpn.CalcBrainTest" name="testExpression" time="0.0" />
  <testcase classname="calcrpn.CalcBrainTest" name="testDivideTwoNumbers" time="0.001" />
  <system-out><![CDATA[Testing addition
[3.0]
[3.0, 2.0]
Testing subtraction
[3.0]
[3.0, 5.0]
Testing 1+2*3-4
[1.0]
[1.0, 2.0]
[3.0, 3.0]
[9.0, 4.0]
Testing digits
Testing exponent
[3.0]
[3.0, 2.0]
Testing addition
[3.0]
Testing multiply decimals
[3.1]
[3.1, 2.9]
Testing clear all button
[3.0]
Testing clear entry button
[3.0]
[5.0]
Testing subtraction
[3.0]
Testing decimal addition
[3.1]
[3.1, 2.9]
Testing expression 2+(5*3)-(2^4-3)/6
[2.0]
[2.0, 5.0]
[2.0, 5.0, 3.0]
[17.0, 2.0]
Testing division
[31.0]
[31.0, 2.0]
]]></system-out>
  <system-err><![CDATA[]]></system-err>
</testsuite>
